2016-May-23 22:49:42 Наличие необходимых модулей php (check_php_modules): Ok
Все необходимые модули установлены
2016-May-23 22:49:42 Обязательные параметры PHP (check_php_settings): Ok
Настройки правильные
2016-May-23 22:49:42 Модули веб-сервера (check_security): Ok
Конфликтов не выявлено
2016-May-23 22:49:42 Значения переменных сервера (check_server_vars): Ok
Корректные
2016-May-23 22:49:42 Сохранение сессии (check_session): Ok
50% done
2016-May-23 22:49:42 Сохранение сессии (check_session): Ok
Успешно
2016-May-23 22:49:43 Параметры настройки UTF (mbstring и константа BX_UTF) (check_mbstring): Ok
Правильные. Сайт работает в UTF кодировке
2016-May-23 22:49:43 Служебные скрипты в корне сайта (check_install_scripts): Ok
Отсутствуют
2016-May-23 22:49:43 Работа с сокетами (check_socket): Ok
Connection to mysite.sa:80	Success

Успешно
2016-May-23 22:49:43 Параметры подключения к базе данных (check_dbconn_settings): Ok
Успешно
2016-May-23 22:49:44 Лишний вывод в файлах конфигурации (check_dbconn): Ok
Connection to mysite.sa:80	Success

Успешно
2016-May-23 22:49:44 Выполнение агентов на cron (check_bx_crontab): Warning
Замечание. Агенты выполняются на хитах, рекомендуется перевести выполнение агентов на cron
2016-May-23 22:49:44 Сохранение сессии без UserAgent (check_session_ua): Ok
50% done
Connection to mysite.sa:80	Success

2016-May-23 22:49:44 Сохранение сессии без UserAgent (check_session_ua): Ok
Connection to mysite.sa:80	Success

Успешно
2016-May-23 22:49:44 Настройки сайтов (check_sites): Ok
Правильные
2016-May-23 22:49:45 Передача объектов по ссылке (check_clone): Ok
Успешно
